<?xml version="1.0" encoding="UTF-8"?>
<!-- Generated by org.testng.reporters.JUnitReportReporter -->
<testsuite hostname="Legion-5" failures="0" tests="4" name="qaautomation.may2022.APITestAfterRefactor" time="10.699" errors="0" timestamp="05 Jun 2022 07:10:40 GMT" skipped="0">
  <testcase classname="qaautomation.may2022.APITestAfterRefactor" name="userAPI" time="2.477"/>
  <testcase classname="qaautomation.may2022.APITestAfterRefactor" name="fakerTest" time="3.307"/>
  <testcase classname="qaautomation.may2022.APITestAfterRefactor" name="configAPI" time="2.288"/>
  <testcase classname="qaautomation.may2022.APITestAfterRefactor" name="dashboardAPI" time="2.627"/>
</testsuite> <!-- qaautomation.may2022.APITestAfterRefactor -->
