<?xml version="1.0" encoding="UTF-8"?>
<!-- Generated by org.testng.reporters.JUnitReportReporter -->
<testsuite hostname="Legion-5" failures="0" tests="4" name="qaautomation.may2022.APITestAfterRefactor" time="10.158" errors="0" timestamp="29 May 2022 08:00:45 GMT" skipped="0">
  <testcase classname="qaautomation.may2022.APITestAfterRefactor" name="userAPI" time="2.266"/>
  <testcase classname="qaautomation.may2022.APITestAfterRefactor" name="dashboardAPI" time="2.354"/>
  <testcase classname="qaautomation.may2022.APITestAfterRefactor" name="configAPI" time="2.121"/>
  <testcase classname="qaautomation.may2022.APITestAfterRefactor" name="fakerTest" time="3.417"/>
</testsuite> <!-- qaautomation.may2022.APITestAfterRefactor -->
